<?xml version="1.0" encoding="UTF-8"?>
<testng-results skipped="0" failed="0" ignored="0" total="1" passed="1">
  <reporter-output>
  </reporter-output>
  <suite name="Suite" duration-ms="8988" started-at="2021-09-13T11:55:49 IST" finished-at="2021-09-13T11:55:58 IST">
    <groups>
    </groups>
    <test name="Test" duration-ms="8988" started-at="2021-09-13T11:55:49 IST" finished-at="2021-09-13T11:55:58 IST">
      <class name="Login">
        <test-method status="PASS" signature="launchBrowser()[pri:0, instance:Login@3fd7a715]" name="launchBrowser" duration-ms="8949" started-at="2021-09-13T11:55:49 IST" finished-at="2021-09-13T11:55:58 IST">
          <reporter-output>
          </reporter-output>
        </test-method> <!-- launchBrowser -->
      </class> <!-- Login -->
    </test> <!-- Test -->
  </suite> <!-- Suite -->
</testng-results>
